  Project5_Bank_System_Final.cpp
F:\ProgrammingAdvices\Course 11 -  OOP as it Should Be (Applications)\Project5_Bank_System_Final\Project5_Bank_System_Final\Project5_Bank_System_Final.cpp(3,10): warning C4067: unexpected tokens following preprocessor directive - expected a newline
F:\ProgrammingAdvices\Course 11 -  OOP as it Should Be (Applications)\Project5_Bank_System_Final\Project5_Bank_System_Final\clsLoginScreen.h(3,10): warning C4067: unexpected tokens following preprocessor directive - expected a newline
F:\ProgrammingAdvices\Course 11 -  OOP as it Should Be (Applications)\Project5_Bank_System_Final\Project5_Bank_System_Final\Global.h(3,10): warning C4067: unexpected tokens following preprocessor directive - expected a newline
F:\ProgrammingAdvices\Course 11 -  OOP as it Should Be (Applications)\Project5_Bank_System_Final\Project5_Bank_System_Final\clsUser.h(7,10): warning C4067: unexpected tokens following preprocessor directive - expected a newline
F:\ProgrammingAdvices\Course 11 -  OOP as it Should Be (Applications)\Project5_Bank_System_Final\Project5_Bank_System_Final\clsUser.h(8,10): warning C4067: unexpected tokens following preprocessor directive - expected a newline
F:\ProgrammingAdvices\Libraries\clsString.h(38,25): warning C4267: 'return': conversion from 'size_t' to 'short', possible loss of data
F:\ProgrammingAdvices\Libraries\clsString.h(42,29): warning C4267: 'return': conversion from 'size_t' to 'short', possible loss of data
F:\ProgrammingAdvices\Libraries\clsString.h(150,29): warning C4267: 'return': conversion from 'size_t' to 'short', possible loss of data
F:\ProgrammingAdvices\Libraries\clsString.h(277,30): warning C4267: '=': conversion from 'size_t' to 'short', possible loss of data
F:\ProgrammingAdvices\Libraries\clsString.h(312,30): warning C4267: '=': conversion from 'size_t' to 'short', possible loss of data
F:\ProgrammingAdvices\Libraries\clsString.h(358,22): warning C4267: 'initializing': conversion from 'size_t' to 'short', possible loss of data
F:\ProgrammingAdvices\Course 11 -  OOP as it Should Be (Applications)\Project5_Bank_System_Final\Project5_Bank_System_Final\clsUser.h(9,10): warning C4067: unexpected tokens following preprocessor directive - expected a newline
F:\ProgrammingAdvices\Course 11 -  OOP as it Should Be (Applications)\Project5_Bank_System_Final\Project5_Bank_System_Final\clsBankClient.h(8,10): warning C4067: unexpected tokens following preprocessor directive - expected a newline
F:\ProgrammingAdvices\Course 11 -  OOP as it Should Be (Applications)\Project5_Bank_System_Final\Project5_Bank_System_Final\clsBankClient.h(9,10): warning C4067: unexpected tokens following preprocessor directive - expected a newline
F:\ProgrammingAdvices\Course 11 -  OOP as it Should Be (Applications)\Project5_Bank_System_Final\Project5_Bank_System_Final\clsBankClient.h(10,10): warning C4067: unexpected tokens following preprocessor directive - expected a newline
F:\ProgrammingAdvices\Course 11 -  OOP as it Should Be (Applications)\Project5_Bank_System_Final\Project5_Bank_System_Final\clsBankClient.h(11,10): warning C4067: unexpected tokens following preprocessor directive - expected a newline
F:\ProgrammingAdvices\Libraries\clsDate.h(6,10): warning C4067: unexpected tokens following preprocessor directive - expected a newline
F:\ProgrammingAdvices\Course 11 -  OOP as it Should Be (Applications)\Project5_Bank_System_Final\Project5_Bank_System_Final\clsBankClient.h(213,2): warning C4240: nonstandard extension used: access to 'clsBankClient::stTransferData' now defined to be 'public', previously it was defined to be 'private'
F:\ProgrammingAdvices\Course 11 -  OOP as it Should Be (Applications)\Project5_Bank_System_Final\Project5_Bank_System_Final\clsBankClient.h(135,9): message : see declaration of 'clsBankClient::stTransferData'
F:\ProgrammingAdvices\Course 11 -  OOP as it Should Be (Applications)\Project5_Bank_System_Final\Project5_Bank_System_Final\clsUser.h(10,10): warning C4067: unexpected tokens following preprocessor directive - expected a newline
F:\ProgrammingAdvices\Course 11 -  OOP as it Should Be (Applications)\Project5_Bank_System_Final\Project5_Bank_System_Final\clsUser.h(11,10): warning C4067: unexpected tokens following preprocessor directive - expected a newline
F:\ProgrammingAdvices\Course 11 -  OOP as it Should Be (Applications)\Project5_Bank_System_Final\Project5_Bank_System_Final\clsUser.h(12,10): warning C4067: unexpected tokens following preprocessor directive - expected a newline
F:\ProgrammingAdvices\Libraries\clsUtil.h(4,10): warning C4067: unexpected tokens following preprocessor directive - expected a newline
F:\ProgrammingAdvices\Course 11 -  OOP as it Should Be (Applications)\Project5_Bank_System_Final\Project5_Bank_System_Final\clsUser.h(198,2): warning C4240: nonstandard extension used: access to 'clsUser::stLoginData' now defined to be 'public', previously it was defined to be 'private'
F:\ProgrammingAdvices\Course 11 -  OOP as it Should Be (Applications)\Project5_Bank_System_Final\Project5_Bank_System_Final\clsUser.h(117,9): message : see declaration of 'clsUser::stLoginData'
F:\ProgrammingAdvices\Course 11 -  OOP as it Should Be (Applications)\Project5_Bank_System_Final\Project5_Bank_System_Final\clsLoginScreen.h(4,10): warning C4067: unexpected tokens following preprocessor directive - expected a newline
F:\ProgrammingAdvices\Course 11 -  OOP as it Should Be (Applications)\Project5_Bank_System_Final\Project5_Bank_System_Final\clsMainScreen.h(4,10): warning C4067: unexpected tokens following preprocessor directive - expected a newline
F:\ProgrammingAdvices\Libraries\clsInputValidate.h(5,10): warning C4067: unexpected tokens following preprocessor directive - expected a newline
F:\ProgrammingAdvices\Course 11 -  OOP as it Should Be (Applications)\Project5_Bank_System_Final\Project5_Bank_System_Final\clsMainScreen.h(5,10): warning C4067: unexpected tokens following preprocessor directive - expected a newline
F:\ProgrammingAdvices\Course 11 -  OOP as it Should Be (Applications)\Project5_Bank_System_Final\Project5_Bank_System_Final\clsScreen.h(3,10): warning C4067: unexpected tokens following preprocessor directive - expected a newline
F:\ProgrammingAdvices\Course 11 -  OOP as it Should Be (Applications)\Project5_Bank_System_Final\Project5_Bank_System_Final\clsScreen.h(4,10): warning C4067: unexpected tokens following preprocessor directive - expected a newline
F:\ProgrammingAdvices\Course 11 -  OOP as it Should Be (Applications)\Project5_Bank_System_Final\Project5_Bank_System_Final\clsScreen.h(5,10): warning C4067: unexpected tokens following preprocessor directive - expected a newline
F:\ProgrammingAdvices\Course 11 -  OOP as it Should Be (Applications)\Project5_Bank_System_Final\Project5_Bank_System_Final\clsMainScreen.h(6,10): warning C4067: unexpected tokens following preprocessor directive - expected a newline
F:\ProgrammingAdvices\Course 11 -  OOP as it Should Be (Applications)\Project5_Bank_System_Final\Project5_Bank_System_Final\clsClientListScreen.h(4,10): warning C4067: unexpected tokens following preprocessor directive - expected a newline
F:\ProgrammingAdvices\Course 11 -  OOP as it Should Be (Applications)\Project5_Bank_System_Final\Project5_Bank_System_Final\clsClientListScreen.h(5,10): warning C4067: unexpected tokens following preprocessor directive - expected a newline
F:\ProgrammingAdvices\Course 11 -  OOP as it Should Be (Applications)\Project5_Bank_System_Final\Project5_Bank_System_Final\clsClientListScreen.h(6,10): warning C4067: unexpected tokens following preprocessor directive - expected a newline
F:\ProgrammingAdvices\Course 11 -  OOP as it Should Be (Applications)\Project5_Bank_System_Final\Project5_Bank_System_Final\clsMainScreen.h(7,10): warning C4067: unexpected tokens following preprocessor directive - expected a newline
F:\ProgrammingAdvices\Course 11 -  OOP as it Should Be (Applications)\Project5_Bank_System_Final\Project5_Bank_System_Final\clsAddNewClientScreen.h(4,10): warning C4067: unexpected tokens following preprocessor directive - expected a newline
F:\ProgrammingAdvices\Course 11 -  OOP as it Should Be (Applications)\Project5_Bank_System_Final\Project5_Bank_System_Final\clsAddNewClientScreen.h(5,10): warning C4067: unexpected tokens following preprocessor directive - expected a newline
F:\ProgrammingAdvices\Course 11 -  OOP as it Should Be (Applications)\Project5_Bank_System_Final\Project5_Bank_System_Final\clsAddNewClientScreen.h(6,10): warning C4067: unexpected tokens following preprocessor directive - expected a newline
F:\ProgrammingAdvices\Course 11 -  OOP as it Should Be (Applications)\Project5_Bank_System_Final\Project5_Bank_System_Final\clsMainScreen.h(8,10): warning C4067: unexpected tokens following preprocessor directive - expected a newline
F:\ProgrammingAdvices\Course 11 -  OOP as it Should Be (Applications)\Project5_Bank_System_Final\Project5_Bank_System_Final\clsDeleteClientScreen.h(4,10): warning C4067: unexpected tokens following preprocessor directive - expected a newline
F:\ProgrammingAdvices\Course 11 -  OOP as it Should Be (Applications)\Project5_Bank_System_Final\Project5_Bank_System_Final\clsDeleteClientScreen.h(5,10): warning C4067: unexpected tokens following preprocessor directive - expected a newline
F:\ProgrammingAdvices\Course 11 -  OOP as it Should Be (Applications)\Project5_Bank_System_Final\Project5_Bank_System_Final\clsDeleteClientScreen.h(6,10): warning C4067: unexpected tokens following preprocessor directive - expected a newline
F:\ProgrammingAdvices\Course 11 -  OOP as it Should Be (Applications)\Project5_Bank_System_Final\Project5_Bank_System_Final\clsMainScreen.h(9,10): warning C4067: unexpected tokens following preprocessor directive - expected a newline
F:\ProgrammingAdvices\Course 11 -  OOP as it Should Be (Applications)\Project5_Bank_System_Final\Project5_Bank_System_Final\clsUpdateClientScreen.h(4,10): warning C4067: unexpected tokens following preprocessor directive - expected a newline
F:\ProgrammingAdvices\Course 11 -  OOP as it Should Be (Applications)\Project5_Bank_System_Final\Project5_Bank_System_Final\clsUpdateClientScreen.h(5,10): warning C4067: unexpected tokens following preprocessor directive - expected a newline
F:\ProgrammingAdvices\Course 11 -  OOP as it Should Be (Applications)\Project5_Bank_System_Final\Project5_Bank_System_Final\clsUpdateClientScreen.h(6,10): warning C4067: unexpected tokens following preprocessor directive - expected a newline
F:\ProgrammingAdvices\Course 11 -  OOP as it Should Be (Applications)\Project5_Bank_System_Final\Project5_Bank_System_Final\clsMainScreen.h(10,10): warning C4067: unexpected tokens following preprocessor directive - expected a newline
F:\ProgrammingAdvices\Course 11 -  OOP as it Should Be (Applications)\Project5_Bank_System_Final\Project5_Bank_System_Final\clsFindClientScreen.h(4,10): warning C4067: unexpected tokens following preprocessor directive - expected a newline
F:\ProgrammingAdvices\Course 11 -  OOP as it Should Be (Applications)\Project5_Bank_System_Final\Project5_Bank_System_Final\clsFindClientScreen.h(5,10): warning C4067: unexpected tokens following preprocessor directive - expected a newline
F:\ProgrammingAdvices\Course 11 -  OOP as it Should Be (Applications)\Project5_Bank_System_Final\Project5_Bank_System_Final\clsFindClientScreen.h(6,10): warning C4067: unexpected tokens following preprocessor directive - expected a newline
F:\ProgrammingAdvices\Course 11 -  OOP as it Should Be (Applications)\Project5_Bank_System_Final\Project5_Bank_System_Final\clsMainScreen.h(11,10): warning C4067: unexpected tokens following preprocessor directive - expected a newline
F:\ProgrammingAdvices\Course 11 -  OOP as it Should Be (Applications)\Project5_Bank_System_Final\Project5_Bank_System_Final\clsTransactionsScreen.h(4,10): warning C4067: unexpected tokens following preprocessor directive - expected a newline
F:\ProgrammingAdvices\Course 11 -  OOP as it Should Be (Applications)\Project5_Bank_System_Final\Project5_Bank_System_Final\clsTransactionsScreen.h(5,10): warning C4067: unexpected tokens following preprocessor directive - expected a newline
F:\ProgrammingAdvices\Course 11 -  OOP as it Should Be (Applications)\Project5_Bank_System_Final\Project5_Bank_System_Final\clsDepositScreen.h(4,10): warning C4067: unexpected tokens following preprocessor directive - expected a newline
F:\ProgrammingAdvices\Course 11 -  OOP as it Should Be (Applications)\Project5_Bank_System_Final\Project5_Bank_System_Final\clsDepositScreen.h(5,10): warning C4067: unexpected tokens following preprocessor directive - expected a newline
F:\ProgrammingAdvices\Course 11 -  OOP as it Should Be (Applications)\Project5_Bank_System_Final\Project5_Bank_System_Final\clsTransactionsScreen.h(7,10): warning C4067: unexpected tokens following preprocessor directive - expected a newline
F:\ProgrammingAdvices\Course 11 -  OOP as it Should Be (Applications)\Project5_Bank_System_Final\Project5_Bank_System_Final\clsWithdrawScreen.h(4,10): warning C4067: unexpected tokens following preprocessor directive - expected a newline
F:\ProgrammingAdvices\Course 11 -  OOP as it Should Be (Applications)\Project5_Bank_System_Final\Project5_Bank_System_Final\clsWithdrawScreen.h(5,10): warning C4067: unexpected tokens following preprocessor directive - expected a newline
F:\ProgrammingAdvices\Course 11 -  OOP as it Should Be (Applications)\Project5_Bank_System_Final\Project5_Bank_System_Final\clsTransactionsScreen.h(8,10): warning C4067: unexpected tokens following preprocessor directive - expected a newline
F:\ProgrammingAdvices\Course 11 -  OOP as it Should Be (Applications)\Project5_Bank_System_Final\Project5_Bank_System_Final\clsTotalBalancesScreen.h(4,10): warning C4067: unexpected tokens following preprocessor directive - expected a newline
F:\ProgrammingAdvices\Course 11 -  OOP as it Should Be (Applications)\Project5_Bank_System_Final\Project5_Bank_System_Final\clsTotalBalancesScreen.h(5,10): warning C4067: unexpected tokens following preprocessor directive - expected a newline
F:\ProgrammingAdvices\Course 11 -  OOP as it Should Be (Applications)\Project5_Bank_System_Final\Project5_Bank_System_Final\clsTotalBalancesScreen.h(67,42): warning C4244: 'argument': conversion from 'float' to 'int', possible loss of data
F:\ProgrammingAdvices\Course 11 -  OOP as it Should Be (Applications)\Project5_Bank_System_Final\Project5_Bank_System_Final\clsTransactionsScreen.h(9,10): warning C4067: unexpected tokens following preprocessor directive - expected a newline
F:\ProgrammingAdvices\Course 11 -  OOP as it Should Be (Applications)\Project5_Bank_System_Final\Project5_Bank_System_Final\clsTransferScreen.h(4,10): warning C4067: unexpected tokens following preprocessor directive - expected a newline
F:\ProgrammingAdvices\Course 11 -  OOP as it Should Be (Applications)\Project5_Bank_System_Final\Project5_Bank_System_Final\clsTransferScreen.h(5,10): warning C4067: unexpected tokens following preprocessor directive - expected a newline
F:\ProgrammingAdvices\Course 11 -  OOP as it Should Be (Applications)\Project5_Bank_System_Final\Project5_Bank_System_Final\clsTransactionsScreen.h(10,10): warning C4067: unexpected tokens following preprocessor directive - expected a newline
F:\ProgrammingAdvices\Course 11 -  OOP as it Should Be (Applications)\Project5_Bank_System_Final\Project5_Bank_System_Final\clsTransferLogScreen.h(4,10): warning C4067: unexpected tokens following preprocessor directive - expected a newline
F:\ProgrammingAdvices\Course 11 -  OOP as it Should Be (Applications)\Project5_Bank_System_Final\Project5_Bank_System_Final\clsTransferLogScreen.h(5,10): warning C4067: unexpected tokens following preprocessor directive - expected a newline
F:\ProgrammingAdvices\Course 11 -  OOP as it Should Be (Applications)\Project5_Bank_System_Final\Project5_Bank_System_Final\clsTransferLogScreen.h(6,10): warning C4067: unexpected tokens following preprocessor directive - expected a newline
F:\ProgrammingAdvices\Course 11 -  OOP as it Should Be (Applications)\Project5_Bank_System_Final\Project5_Bank_System_Final\clsMainScreen.h(12,10): warning C4067: unexpected tokens following preprocessor directive - expected a newline
F:\ProgrammingAdvices\Course 11 -  OOP as it Should Be (Applications)\Project5_Bank_System_Final\Project5_Bank_System_Final\clsManageUsersScreen.h(4,10): warning C4067: unexpected tokens following preprocessor directive - expected a newline
F:\ProgrammingAdvices\Course 11 -  OOP as it Should Be (Applications)\Project5_Bank_System_Final\Project5_Bank_System_Final\clsManageUsersScreen.h(5,10): warning C4067: unexpected tokens following preprocessor directive - expected a newline
F:\ProgrammingAdvices\Course 11 -  OOP as it Should Be (Applications)\Project5_Bank_System_Final\Project5_Bank_System_Final\clsUsersListScreen.h(4,10): warning C4067: unexpected tokens following preprocessor directive - expected a newline
F:\ProgrammingAdvices\Course 11 -  OOP as it Should Be (Applications)\Project5_Bank_System_Final\Project5_Bank_System_Final\clsUsersListScreen.h(5,10): warning C4067: unexpected tokens following preprocessor directive - expected a newline
F:\ProgrammingAdvices\Course 11 -  OOP as it Should Be (Applications)\Project5_Bank_System_Final\Project5_Bank_System_Final\clsManageUsersScreen.h(6,10): warning C4067: unexpected tokens following preprocessor directive - expected a newline
F:\ProgrammingAdvices\Course 11 -  OOP as it Should Be (Applications)\Project5_Bank_System_Final\Project5_Bank_System_Final\clsAddNewUserScreen.h(4,10): warning C4067: unexpected tokens following preprocessor directive - expected a newline
F:\ProgrammingAdvices\Course 11 -  OOP as it Should Be (Applications)\Project5_Bank_System_Final\Project5_Bank_System_Final\clsAddNewUserScreen.h(5,10): warning C4067: unexpected tokens following preprocessor directive - expected a newline
F:\ProgrammingAdvices\Course 11 -  OOP as it Should Be (Applications)\Project5_Bank_System_Final\Project5_Bank_System_Final\clsAddNewUserScreen.h(6,10): warning C4067: unexpected tokens following preprocessor directive - expected a newline
F:\ProgrammingAdvices\Course 11 -  OOP as it Should Be (Applications)\Project5_Bank_System_Final\Project5_Bank_System_Final\clsManageUsersScreen.h(7,10): warning C4067: unexpected tokens following preprocessor directive - expected a newline
F:\ProgrammingAdvices\Course 11 -  OOP as it Should Be (Applications)\Project5_Bank_System_Final\Project5_Bank_System_Final\clsDeleteUserScreen.h(4,10): warning C4067: unexpected tokens following preprocessor directive - expected a newline
F:\ProgrammingAdvices\Course 11 -  OOP as it Should Be (Applications)\Project5_Bank_System_Final\Project5_Bank_System_Final\clsDeleteUserScreen.h(5,10): warning C4067: unexpected tokens following preprocessor directive - expected a newline
F:\ProgrammingAdvices\Course 11 -  OOP as it Should Be (Applications)\Project5_Bank_System_Final\Project5_Bank_System_Final\clsDeleteUserScreen.h(6,10): warning C4067: unexpected tokens following preprocessor directive - expected a newline
F:\ProgrammingAdvices\Course 11 -  OOP as it Should Be (Applications)\Project5_Bank_System_Final\Project5_Bank_System_Final\clsManageUsersScreen.h(8,10): warning C4067: unexpected tokens following preprocessor directive - expected a newline
F:\ProgrammingAdvices\Course 11 -  OOP as it Should Be (Applications)\Project5_Bank_System_Final\Project5_Bank_System_Final\clsUpdateUserScreen.h(4,10): warning C4067: unexpected tokens following preprocessor directive - expected a newline
F:\ProgrammingAdvices\Course 11 -  OOP as it Should Be (Applications)\Project5_Bank_System_Final\Project5_Bank_System_Final\clsUpdateUserScreen.h(5,10): warning C4067: unexpected tokens following preprocessor directive - expected a newline
F:\ProgrammingAdvices\Course 11 -  OOP as it Should Be (Applications)\Project5_Bank_System_Final\Project5_Bank_System_Final\clsUpdateUserScreen.h(6,10): warning C4067: unexpected tokens following preprocessor directive - expected a newline
F:\ProgrammingAdvices\Course 11 -  OOP as it Should Be (Applications)\Project5_Bank_System_Final\Project5_Bank_System_Final\clsManageUsersScreen.h(9,10): warning C4067: unexpected tokens following preprocessor directive - expected a newline
F:\ProgrammingAdvices\Course 11 -  OOP as it Should Be (Applications)\Project5_Bank_System_Final\Project5_Bank_System_Final\clsFindUserScreen.h(4,10): warning C4067: unexpected tokens following preprocessor directive - expected a newline
F:\ProgrammingAdvices\Course 11 -  OOP as it Should Be (Applications)\Project5_Bank_System_Final\Project5_Bank_System_Final\clsFindUserScreen.h(5,10): warning C4067: unexpected tokens following preprocessor directive - expected a newline
F:\ProgrammingAdvices\Course 11 -  OOP as it Should Be (Applications)\Project5_Bank_System_Final\Project5_Bank_System_Final\clsFindUserScreen.h(6,10): warning C4067: unexpected tokens following preprocessor directive - expected a newline
F:\ProgrammingAdvices\Course 11 -  OOP as it Should Be (Applications)\Project5_Bank_System_Final\Project5_Bank_System_Final\clsMainScreen.h(13,10): warning C4067: unexpected tokens following preprocessor directive - expected a newline
F:\ProgrammingAdvices\Course 11 -  OOP as it Should Be (Applications)\Project5_Bank_System_Final\Project5_Bank_System_Final\clsMainScreen.h(14,10): warning C4067: unexpected tokens following preprocessor directive - expected a newline
F:\ProgrammingAdvices\Course 11 -  OOP as it Should Be (Applications)\Project5_Bank_System_Final\Project5_Bank_System_Final\clsMainScreen.h(15,10): warning C4067: unexpected tokens following preprocessor directive - expected a newline
F:\ProgrammingAdvices\Course 11 -  OOP as it Should Be (Applications)\Project5_Bank_System_Final\Project5_Bank_System_Final\clsMainScreen.h(16,10): warning C4067: unexpected tokens following preprocessor directive - expected a newline
F:\ProgrammingAdvices\Course 11 -  OOP as it Should Be (Applications)\Project5_Bank_System_Final\Project5_Bank_System_Final\clsLoginRegisterScreen.h(4,10): warning C4067: unexpected tokens following preprocessor directive - expected a newline
F:\ProgrammingAdvices\Course 11 -  OOP as it Should Be (Applications)\Project5_Bank_System_Final\Project5_Bank_System_Final\clsLoginRegisterScreen.h(5,10): warning C4067: unexpected tokens following preprocessor directive - expected a newline
F:\ProgrammingAdvices\Course 11 -  OOP as it Should Be (Applications)\Project5_Bank_System_Final\Project5_Bank_System_Final\clsLoginRegisterScreen.h(6,10): warning C4067: unexpected tokens following preprocessor directive - expected a newline
F:\ProgrammingAdvices\Course 11 -  OOP as it Should Be (Applications)\Project5_Bank_System_Final\Project5_Bank_System_Final\clsMainScreen.h(17,10): warning C4067: unexpected tokens following preprocessor directive - expected a newline
F:\ProgrammingAdvices\Course 11 -  OOP as it Should Be (Applications)\Project5_Bank_System_Final\Project5_Bank_System_Final\clsCurrencyExchangeScreen.h(5,10): warning C4067: unexpected tokens following preprocessor directive - expected a newline
F:\ProgrammingAdvices\Course 11 -  OOP as it Should Be (Applications)\Project5_Bank_System_Final\Project5_Bank_System_Final\clsCurrencyExchangeScreen.h(6,10): warning C4067: unexpected tokens following preprocessor directive - expected a newline
F:\ProgrammingAdvices\Course 11 -  OOP as it Should Be (Applications)\Project5_Bank_System_Final\Project5_Bank_System_Final\clsCurrenciesListScreen.h(5,10): warning C4067: unexpected tokens following preprocessor directive - expected a newline
F:\ProgrammingAdvices\Course 11 -  OOP as it Should Be (Applications)\Project5_Bank_System_Final\Project5_Bank_System_Final\clsCurrenciesListScreen.h(6,10): warning C4067: unexpected tokens following preprocessor directive - expected a newline
F:\ProgrammingAdvices\Course 11 -  OOP as it Should Be (Applications)\Project5_Bank_System_Final\Project5_Bank_System_Final\clsCurrency.h(31,17): warning C4244: 'argument': conversion from 'double' to 'float', possible loss of data
F:\ProgrammingAdvices\Course 11 -  OOP as it Should Be (Applications)\Project5_Bank_System_Final\Project5_Bank_System_Final\clsCurrencyExchangeScreen.h(7,10): warning C4067: unexpected tokens following preprocessor directive - expected a newline
F:\ProgrammingAdvices\Course 11 -  OOP as it Should Be (Applications)\Project5_Bank_System_Final\Project5_Bank_System_Final\clsFindCurrencyScreen.h(3,10): warning C4067: unexpected tokens following preprocessor directive - expected a newline
F:\ProgrammingAdvices\Course 11 -  OOP as it Should Be (Applications)\Project5_Bank_System_Final\Project5_Bank_System_Final\clsFindCurrencyScreen.h(4,10): warning C4067: unexpected tokens following preprocessor directive - expected a newline
F:\ProgrammingAdvices\Course 11 -  OOP as it Should Be (Applications)\Project5_Bank_System_Final\Project5_Bank_System_Final\clsFindCurrencyScreen.h(5,10): warning C4067: unexpected tokens following preprocessor directive - expected a newline
F:\ProgrammingAdvices\Course 11 -  OOP as it Should Be (Applications)\Project5_Bank_System_Final\Project5_Bank_System_Final\clsFindCurrencyScreen.h(15,11): warning C4129: 'C': unrecognized character escape sequence
F:\ProgrammingAdvices\Course 11 -  OOP as it Should Be (Applications)\Project5_Bank_System_Final\Project5_Bank_System_Final\clsCurrencyExchangeScreen.h(8,10): warning C4067: unexpected tokens following preprocessor directive - expected a newline
F:\ProgrammingAdvices\Course 11 -  OOP as it Should Be (Applications)\Project5_Bank_System_Final\Project5_Bank_System_Final\clsUpdateCurrencyRateScreen.h(3,10): warning C4067: unexpected tokens following preprocessor directive - expected a newline
F:\ProgrammingAdvices\Course 11 -  OOP as it Should Be (Applications)\Project5_Bank_System_Final\Project5_Bank_System_Final\clsUpdateCurrencyRateScreen.h(4,10): warning C4067: unexpected tokens following preprocessor directive - expected a newline
F:\ProgrammingAdvices\Course 11 -  OOP as it Should Be (Applications)\Project5_Bank_System_Final\Project5_Bank_System_Final\clsUpdateCurrencyRateScreen.h(5,10): warning C4067: unexpected tokens following preprocessor directive - expected a newline
F:\ProgrammingAdvices\Course 11 -  OOP as it Should Be (Applications)\Project5_Bank_System_Final\Project5_Bank_System_Final\clsCurrencyExchangeScreen.h(9,10): warning C4067: unexpected tokens following preprocessor directive - expected a newline
F:\ProgrammingAdvices\Course 11 -  OOP as it Should Be (Applications)\Project5_Bank_System_Final\Project5_Bank_System_Final\clsCurrencyCalculatorScreen.h(3,10): warning C4067: unexpected tokens following preprocessor directive - expected a newline
F:\ProgrammingAdvices\Course 11 -  OOP as it Should Be (Applications)\Project5_Bank_System_Final\Project5_Bank_System_Final\clsCurrencyCalculatorScreen.h(4,10): warning C4067: unexpected tokens following preprocessor directive - expected a newline
F:\ProgrammingAdvices\Course 11 -  OOP as it Should Be (Applications)\Project5_Bank_System_Final\Project5_Bank_System_Final\clsCurrencyCalculatorScreen.h(5,10): warning C4067: unexpected tokens following preprocessor directive - expected a newline
F:\ProgrammingAdvices\Course 11 -  OOP as it Should Be (Applications)\Project5_Bank_System_Final\Project5_Bank_System_Final\clsLoginScreen.h(5,10): warning C4067: unexpected tokens following preprocessor directive - expected a newline
F:\ProgrammingAdvices\Course 11 -  OOP as it Should Be (Applications)\Project5_Bank_System_Final\Project5_Bank_System_Final\clsLoginScreen.h(6,10): warning C4067: unexpected tokens following preprocessor directive - expected a newline
F:\ProgrammingAdvices\Course 11 -  OOP as it Should Be (Applications)\Project5_Bank_System_Final\Project5_Bank_System_Final\Project5_Bank_System_Final.cpp(21,10): warning C4067: unexpected tokens following preprocessor directive - expected a newline
F:\ProgrammingAdvices\Course 11 -  OOP as it Should Be (Applications)\Project5_Bank_System_Final\Project5_Bank_System_Final\clsUser.h(342): warning C4715: 'clsUser::CheckAccessPermission': not all control paths return a value
F:\ProgrammingAdvices\Course 11 -  OOP as it Should Be (Applications)\Project5_Bank_System_Final\Project5_Bank_System_Final\clsBankClient.h(417): warning C4715: 'clsBankClient::Save': not all control paths return a value
F:\ProgrammingAdvices\Course 11 -  OOP as it Should Be (Applications)\Project5_Bank_System_Final\Project5_Bank_System_Final\clsUser.h(331): warning C4715: 'clsUser::Save': not all control paths return a value
  Project5_Bank_System_Final.vcxproj -> F:\ProgrammingAdvices\Course 11 -  OOP as it Should Be (Applications)\Project5_Bank_System_Final\x64\Debug\Project5_Bank_System_Final.exe
