  Project3_Bank_System.cpp
F:\ProgrammingAdvices\Course 11 -  OOP as it Should Be (Applications)\Project3_Bank_System\Project3_Bank_System\Project3_Bank_System.cpp(3,10): warning C4067: unexpected tokens following preprocessor directive - expected a newline
F:\ProgrammingAdvices\Course 11 -  OOP as it Should Be (Applications)\Project3_Bank_System\Project3_Bank_System\clsLoginScreen.h(3,10): warning C4067: unexpected tokens following preprocessor directive - expected a newline
F:\ProgrammingAdvices\Course 11 -  OOP as it Should Be (Applications)\Project3_Bank_System\Project3_Bank_System\Global.h(3,10): warning C4067: unexpected tokens following preprocessor directive - expected a newline
F:\ProgrammingAdvices\Course 11 -  OOP as it Should Be (Applications)\Project3_Bank_System\Project3_Bank_System\clsUser.h(7,10): warning C4067: unexpected tokens following preprocessor directive - expected a newline
F:\ProgrammingAdvices\Course 11 -  OOP as it Should Be (Applications)\Project3_Bank_System\Project3_Bank_System\clsUser.h(8,10): warning C4067: unexpected tokens following preprocessor directive - expected a newline
F:\ProgrammingAdvices\Libraries\clsString.h(38,25): warning C4267: 'return': conversion from 'size_t' to 'short', possible loss of data
F:\ProgrammingAdvices\Libraries\clsString.h(42,29): warning C4267: 'return': conversion from 'size_t' to 'short', possible loss of data
F:\ProgrammingAdvices\Libraries\clsString.h(150,29): warning C4267: 'return': conversion from 'size_t' to 'short', possible loss of data
F:\ProgrammingAdvices\Libraries\clsString.h(277,30): warning C4267: '=': conversion from 'size_t' to 'short', possible loss of data
F:\ProgrammingAdvices\Libraries\clsString.h(312,30): warning C4267: '=': conversion from 'size_t' to 'short', possible loss of data
F:\ProgrammingAdvices\Libraries\clsString.h(358,22): warning C4267: 'initializing': conversion from 'size_t' to 'short', possible loss of data
F:\ProgrammingAdvices\Course 11 -  OOP as it Should Be (Applications)\Project3_Bank_System\Project3_Bank_System\clsUser.h(9,10): warning C4067: unexpected tokens following preprocessor directive - expected a newline
F:\ProgrammingAdvices\Course 11 -  OOP as it Should Be (Applications)\Project3_Bank_System\Project3_Bank_System\clsBankClient.h(8,10): warning C4067: unexpected tokens following preprocessor directive - expected a newline
F:\ProgrammingAdvices\Course 11 -  OOP as it Should Be (Applications)\Project3_Bank_System\Project3_Bank_System\clsBankClient.h(9,10): warning C4067: unexpected tokens following preprocessor directive - expected a newline
F:\ProgrammingAdvices\Course 11 -  OOP as it Should Be (Applications)\Project3_Bank_System\Project3_Bank_System\clsBankClient.h(10,10): warning C4067: unexpected tokens following preprocessor directive - expected a newline
F:\ProgrammingAdvices\Course 11 -  OOP as it Should Be (Applications)\Project3_Bank_System\Project3_Bank_System\clsBankClient.h(11,10): warning C4067: unexpected tokens following preprocessor directive - expected a newline
F:\ProgrammingAdvices\Libraries\clsDate.h(6,10): warning C4067: unexpected tokens following preprocessor directive - expected a newline
F:\ProgrammingAdvices\Course 11 -  OOP as it Should Be (Applications)\Project3_Bank_System\Project3_Bank_System\clsBankClient.h(213,2): warning C4240: nonstandard extension used: access to 'clsBankClient::stTransferData' now defined to be 'public', previously it was defined to be 'private'
F:\ProgrammingAdvices\Course 11 -  OOP as it Should Be (Applications)\Project3_Bank_System\Project3_Bank_System\clsBankClient.h(135,9): message : see declaration of 'clsBankClient::stTransferData'
F:\ProgrammingAdvices\Course 11 -  OOP as it Should Be (Applications)\Project3_Bank_System\Project3_Bank_System\clsUser.h(10,10): warning C4067: unexpected tokens following preprocessor directive - expected a newline
F:\ProgrammingAdvices\Course 11 -  OOP as it Should Be (Applications)\Project3_Bank_System\Project3_Bank_System\clsUser.h(11,10): warning C4067: unexpected tokens following preprocessor directive - expected a newline
F:\ProgrammingAdvices\Course 11 -  OOP as it Should Be (Applications)\Project3_Bank_System\Project3_Bank_System\clsUser.h(12,10): warning C4067: unexpected tokens following preprocessor directive - expected a newline
F:\ProgrammingAdvices\Libraries\clsUtil.h(4,10): warning C4067: unexpected tokens following preprocessor directive - expected a newline
F:\ProgrammingAdvices\Course 11 -  OOP as it Should Be (Applications)\Project3_Bank_System\Project3_Bank_System\clsUser.h(198,2): warning C4240: nonstandard extension used: access to 'clsUser::stLoginData' now defined to be 'public', previously it was defined to be 'private'
F:\ProgrammingAdvices\Course 11 -  OOP as it Should Be (Applications)\Project3_Bank_System\Project3_Bank_System\clsUser.h(117,9): message : see declaration of 'clsUser::stLoginData'
F:\ProgrammingAdvices\Course 11 -  OOP as it Should Be (Applications)\Project3_Bank_System\Project3_Bank_System\clsLoginScreen.h(4,10): warning C4067: unexpected tokens following preprocessor directive - expected a newline
F:\ProgrammingAdvices\Course 11 -  OOP as it Should Be (Applications)\Project3_Bank_System\Project3_Bank_System\clsMainScreen.h(4,10): warning C4067: unexpected tokens following preprocessor directive - expected a newline
F:\ProgrammingAdvices\Libraries\clsInputValidate.h(5,10): warning C4067: unexpected tokens following preprocessor directive - expected a newline
F:\ProgrammingAdvices\Course 11 -  OOP as it Should Be (Applications)\Project3_Bank_System\Project3_Bank_System\clsMainScreen.h(5,10): warning C4067: unexpected tokens following preprocessor directive - expected a newline
F:\ProgrammingAdvices\Course 11 -  OOP as it Should Be (Applications)\Project3_Bank_System\Project3_Bank_System\clsScreen.h(3,10): warning C4067: unexpected tokens following preprocessor directive - expected a newline
F:\ProgrammingAdvices\Course 11 -  OOP as it Should Be (Applications)\Project3_Bank_System\Project3_Bank_System\clsScreen.h(4,10): warning C4067: unexpected tokens following preprocessor directive - expected a newline
F:\ProgrammingAdvices\Course 11 -  OOP as it Should Be (Applications)\Project3_Bank_System\Project3_Bank_System\clsScreen.h(5,10): warning C4067: unexpected tokens following preprocessor directive - expected a newline
F:\ProgrammingAdvices\Course 11 -  OOP as it Should Be (Applications)\Project3_Bank_System\Project3_Bank_System\clsMainScreen.h(6,10): warning C4067: unexpected tokens following preprocessor directive - expected a newline
F:\ProgrammingAdvices\Course 11 -  OOP as it Should Be (Applications)\Project3_Bank_System\Project3_Bank_System\clsClientListScreen.h(4,10): warning C4067: unexpected tokens following preprocessor directive - expected a newline
F:\ProgrammingAdvices\Course 11 -  OOP as it Should Be (Applications)\Project3_Bank_System\Project3_Bank_System\clsClientListScreen.h(5,10): warning C4067: unexpected tokens following preprocessor directive - expected a newline
F:\ProgrammingAdvices\Course 11 -  OOP as it Should Be (Applications)\Project3_Bank_System\Project3_Bank_System\clsClientListScreen.h(6,10): warning C4067: unexpected tokens following preprocessor directive - expected a newline
F:\ProgrammingAdvices\Course 11 -  OOP as it Should Be (Applications)\Project3_Bank_System\Project3_Bank_System\clsMainScreen.h(7,10): warning C4067: unexpected tokens following preprocessor directive - expected a newline
F:\ProgrammingAdvices\Course 11 -  OOP as it Should Be (Applications)\Project3_Bank_System\Project3_Bank_System\clsAddNewClientScreen.h(4,10): warning C4067: unexpected tokens following preprocessor directive - expected a newline
F:\ProgrammingAdvices\Course 11 -  OOP as it Should Be (Applications)\Project3_Bank_System\Project3_Bank_System\clsAddNewClientScreen.h(5,10): warning C4067: unexpected tokens following preprocessor directive - expected a newline
F:\ProgrammingAdvices\Course 11 -  OOP as it Should Be (Applications)\Project3_Bank_System\Project3_Bank_System\clsAddNewClientScreen.h(6,10): warning C4067: unexpected tokens following preprocessor directive - expected a newline
F:\ProgrammingAdvices\Course 11 -  OOP as it Should Be (Applications)\Project3_Bank_System\Project3_Bank_System\clsMainScreen.h(8,10): warning C4067: unexpected tokens following preprocessor directive - expected a newline
F:\ProgrammingAdvices\Course 11 -  OOP as it Should Be (Applications)\Project3_Bank_System\Project3_Bank_System\clsDeleteClientScreen.h(4,10): warning C4067: unexpected tokens following preprocessor directive - expected a newline
F:\ProgrammingAdvices\Course 11 -  OOP as it Should Be (Applications)\Project3_Bank_System\Project3_Bank_System\clsDeleteClientScreen.h(5,10): warning C4067: unexpected tokens following preprocessor directive - expected a newline
F:\ProgrammingAdvices\Course 11 -  OOP as it Should Be (Applications)\Project3_Bank_System\Project3_Bank_System\clsDeleteClientScreen.h(6,10): warning C4067: unexpected tokens following preprocessor directive - expected a newline
F:\ProgrammingAdvices\Course 11 -  OOP as it Should Be (Applications)\Project3_Bank_System\Project3_Bank_System\clsMainScreen.h(9,10): warning C4067: unexpected tokens following preprocessor directive - expected a newline
F:\ProgrammingAdvices\Course 11 -  OOP as it Should Be (Applications)\Project3_Bank_System\Project3_Bank_System\clsUpdateClientScreen.h(4,10): warning C4067: unexpected tokens following preprocessor directive - expected a newline
F:\ProgrammingAdvices\Course 11 -  OOP as it Should Be (Applications)\Project3_Bank_System\Project3_Bank_System\clsUpdateClientScreen.h(5,10): warning C4067: unexpected tokens following preprocessor directive - expected a newline
F:\ProgrammingAdvices\Course 11 -  OOP as it Should Be (Applications)\Project3_Bank_System\Project3_Bank_System\clsUpdateClientScreen.h(6,10): warning C4067: unexpected tokens following preprocessor directive - expected a newline
F:\ProgrammingAdvices\Course 11 -  OOP as it Should Be (Applications)\Project3_Bank_System\Project3_Bank_System\clsMainScreen.h(10,10): warning C4067: unexpected tokens following preprocessor directive - expected a newline
F:\ProgrammingAdvices\Course 11 -  OOP as it Should Be (Applications)\Project3_Bank_System\Project3_Bank_System\clsFindClientScreen.h(4,10): warning C4067: unexpected tokens following preprocessor directive - expected a newline
F:\ProgrammingAdvices\Course 11 -  OOP as it Should Be (Applications)\Project3_Bank_System\Project3_Bank_System\clsFindClientScreen.h(5,10): warning C4067: unexpected tokens following preprocessor directive - expected a newline
F:\ProgrammingAdvices\Course 11 -  OOP as it Should Be (Applications)\Project3_Bank_System\Project3_Bank_System\clsFindClientScreen.h(6,10): warning C4067: unexpected tokens following preprocessor directive - expected a newline
F:\ProgrammingAdvices\Course 11 -  OOP as it Should Be (Applications)\Project3_Bank_System\Project3_Bank_System\clsMainScreen.h(11,10): warning C4067: unexpected tokens following preprocessor directive - expected a newline
F:\ProgrammingAdvices\Course 11 -  OOP as it Should Be (Applications)\Project3_Bank_System\Project3_Bank_System\clsTransactionsScreen.h(4,10): warning C4067: unexpected tokens following preprocessor directive - expected a newline
F:\ProgrammingAdvices\Course 11 -  OOP as it Should Be (Applications)\Project3_Bank_System\Project3_Bank_System\clsTransactionsScreen.h(5,10): warning C4067: unexpected tokens following preprocessor directive - expected a newline
F:\ProgrammingAdvices\Course 11 -  OOP as it Should Be (Applications)\Project3_Bank_System\Project3_Bank_System\clsDepositScreen.h(4,10): warning C4067: unexpected tokens following preprocessor directive - expected a newline
F:\ProgrammingAdvices\Course 11 -  OOP as it Should Be (Applications)\Project3_Bank_System\Project3_Bank_System\clsDepositScreen.h(5,10): warning C4067: unexpected tokens following preprocessor directive - expected a newline
F:\ProgrammingAdvices\Course 11 -  OOP as it Should Be (Applications)\Project3_Bank_System\Project3_Bank_System\clsTransactionsScreen.h(7,10): warning C4067: unexpected tokens following preprocessor directive - expected a newline
F:\ProgrammingAdvices\Course 11 -  OOP as it Should Be (Applications)\Project3_Bank_System\Project3_Bank_System\clsWithdrawScreen.h(4,10): warning C4067: unexpected tokens following preprocessor directive - expected a newline
F:\ProgrammingAdvices\Course 11 -  OOP as it Should Be (Applications)\Project3_Bank_System\Project3_Bank_System\clsWithdrawScreen.h(5,10): warning C4067: unexpected tokens following preprocessor directive - expected a newline
F:\ProgrammingAdvices\Course 11 -  OOP as it Should Be (Applications)\Project3_Bank_System\Project3_Bank_System\clsTransactionsScreen.h(8,10): warning C4067: unexpected tokens following preprocessor directive - expected a newline
F:\ProgrammingAdvices\Course 11 -  OOP as it Should Be (Applications)\Project3_Bank_System\Project3_Bank_System\clsTotalBalancesScreen.h(4,10): warning C4067: unexpected tokens following preprocessor directive - expected a newline
F:\ProgrammingAdvices\Course 11 -  OOP as it Should Be (Applications)\Project3_Bank_System\Project3_Bank_System\clsTotalBalancesScreen.h(5,10): warning C4067: unexpected tokens following preprocessor directive - expected a newline
F:\ProgrammingAdvices\Course 11 -  OOP as it Should Be (Applications)\Project3_Bank_System\Project3_Bank_System\clsTotalBalancesScreen.h(67,42): warning C4244: 'argument': conversion from 'float' to 'int', possible loss of data
F:\ProgrammingAdvices\Course 11 -  OOP as it Should Be (Applications)\Project3_Bank_System\Project3_Bank_System\clsTransactionsScreen.h(9,10): warning C4067: unexpected tokens following preprocessor directive - expected a newline
F:\ProgrammingAdvices\Course 11 -  OOP as it Should Be (Applications)\Project3_Bank_System\Project3_Bank_System\clsTransferScreen.h(4,10): warning C4067: unexpected tokens following preprocessor directive - expected a newline
F:\ProgrammingAdvices\Course 11 -  OOP as it Should Be (Applications)\Project3_Bank_System\Project3_Bank_System\clsTransferScreen.h(5,10): warning C4067: unexpected tokens following preprocessor directive - expected a newline
F:\ProgrammingAdvices\Course 11 -  OOP as it Should Be (Applications)\Project3_Bank_System\Project3_Bank_System\clsTransactionsScreen.h(10,10): warning C4067: unexpected tokens following preprocessor directive - expected a newline
F:\ProgrammingAdvices\Course 11 -  OOP as it Should Be (Applications)\Project3_Bank_System\Project3_Bank_System\clsTransferLogScreen.h(4,10): warning C4067: unexpected tokens following preprocessor directive - expected a newline
F:\ProgrammingAdvices\Course 11 -  OOP as it Should Be (Applications)\Project3_Bank_System\Project3_Bank_System\clsTransferLogScreen.h(5,10): warning C4067: unexpected tokens following preprocessor directive - expected a newline
F:\ProgrammingAdvices\Course 11 -  OOP as it Should Be (Applications)\Project3_Bank_System\Project3_Bank_System\clsTransferLogScreen.h(6,10): warning C4067: unexpected tokens following preprocessor directive - expected a newline
F:\ProgrammingAdvices\Course 11 -  OOP as it Should Be (Applications)\Project3_Bank_System\Project3_Bank_System\clsMainScreen.h(12,10): warning C4067: unexpected tokens following preprocessor directive - expected a newline
F:\ProgrammingAdvices\Course 11 -  OOP as it Should Be (Applications)\Project3_Bank_System\Project3_Bank_System\clsManageUsersScreen.h(4,10): warning C4067: unexpected tokens following preprocessor directive - expected a newline
F:\ProgrammingAdvices\Course 11 -  OOP as it Should Be (Applications)\Project3_Bank_System\Project3_Bank_System\clsManageUsersScreen.h(5,10): warning C4067: unexpected tokens following preprocessor directive - expected a newline
F:\ProgrammingAdvices\Course 11 -  OOP as it Should Be (Applications)\Project3_Bank_System\Project3_Bank_System\clsUsersListScreen.h(4,10): warning C4067: unexpected tokens following preprocessor directive - expected a newline
F:\ProgrammingAdvices\Course 11 -  OOP as it Should Be (Applications)\Project3_Bank_System\Project3_Bank_System\clsUsersListScreen.h(5,10): warning C4067: unexpected tokens following preprocessor directive - expected a newline
F:\ProgrammingAdvices\Course 11 -  OOP as it Should Be (Applications)\Project3_Bank_System\Project3_Bank_System\clsManageUsersScreen.h(6,10): warning C4067: unexpected tokens following preprocessor directive - expected a newline
F:\ProgrammingAdvices\Course 11 -  OOP as it Should Be (Applications)\Project3_Bank_System\Project3_Bank_System\clsAddNewUserScreen.h(4,10): warning C4067: unexpected tokens following preprocessor directive - expected a newline
F:\ProgrammingAdvices\Course 11 -  OOP as it Should Be (Applications)\Project3_Bank_System\Project3_Bank_System\clsAddNewUserScreen.h(5,10): warning C4067: unexpected tokens following preprocessor directive - expected a newline
F:\ProgrammingAdvices\Course 11 -  OOP as it Should Be (Applications)\Project3_Bank_System\Project3_Bank_System\clsAddNewUserScreen.h(6,10): warning C4067: unexpected tokens following preprocessor directive - expected a newline
F:\ProgrammingAdvices\Course 11 -  OOP as it Should Be (Applications)\Project3_Bank_System\Project3_Bank_System\clsManageUsersScreen.h(7,10): warning C4067: unexpected tokens following preprocessor directive - expected a newline
F:\ProgrammingAdvices\Course 11 -  OOP as it Should Be (Applications)\Project3_Bank_System\Project3_Bank_System\clsDeleteUserScreen.h(4,10): warning C4067: unexpected tokens following preprocessor directive - expected a newline
F:\ProgrammingAdvices\Course 11 -  OOP as it Should Be (Applications)\Project3_Bank_System\Project3_Bank_System\clsDeleteUserScreen.h(5,10): warning C4067: unexpected tokens following preprocessor directive - expected a newline
F:\ProgrammingAdvices\Course 11 -  OOP as it Should Be (Applications)\Project3_Bank_System\Project3_Bank_System\clsDeleteUserScreen.h(6,10): warning C4067: unexpected tokens following preprocessor directive - expected a newline
F:\ProgrammingAdvices\Course 11 -  OOP as it Should Be (Applications)\Project3_Bank_System\Project3_Bank_System\clsManageUsersScreen.h(8,10): warning C4067: unexpected tokens following preprocessor directive - expected a newline
F:\ProgrammingAdvices\Course 11 -  OOP as it Should Be (Applications)\Project3_Bank_System\Project3_Bank_System\clsUpdateUserScreen.h(4,10): warning C4067: unexpected tokens following preprocessor directive - expected a newline
F:\ProgrammingAdvices\Course 11 -  OOP as it Should Be (Applications)\Project3_Bank_System\Project3_Bank_System\clsUpdateUserScreen.h(5,10): warning C4067: unexpected tokens following preprocessor directive - expected a newline
F:\ProgrammingAdvices\Course 11 -  OOP as it Should Be (Applications)\Project3_Bank_System\Project3_Bank_System\clsUpdateUserScreen.h(6,10): warning C4067: unexpected tokens following preprocessor directive - expected a newline
F:\ProgrammingAdvices\Course 11 -  OOP as it Should Be (Applications)\Project3_Bank_System\Project3_Bank_System\clsManageUsersScreen.h(9,10): warning C4067: unexpected tokens following preprocessor directive - expected a newline
F:\ProgrammingAdvices\Course 11 -  OOP as it Should Be (Applications)\Project3_Bank_System\Project3_Bank_System\clsFindUserScreen.h(4,10): warning C4067: unexpected tokens following preprocessor directive - expected a newline
F:\ProgrammingAdvices\Course 11 -  OOP as it Should Be (Applications)\Project3_Bank_System\Project3_Bank_System\clsFindUserScreen.h(5,10): warning C4067: unexpected tokens following preprocessor directive - expected a newline
F:\ProgrammingAdvices\Course 11 -  OOP as it Should Be (Applications)\Project3_Bank_System\Project3_Bank_System\clsFindUserScreen.h(6,10): warning C4067: unexpected tokens following preprocessor directive - expected a newline
F:\ProgrammingAdvices\Course 11 -  OOP as it Should Be (Applications)\Project3_Bank_System\Project3_Bank_System\clsMainScreen.h(13,10): warning C4067: unexpected tokens following preprocessor directive - expected a newline
F:\ProgrammingAdvices\Course 11 -  OOP as it Should Be (Applications)\Project3_Bank_System\Project3_Bank_System\clsMainScreen.h(14,10): warning C4067: unexpected tokens following preprocessor directive - expected a newline
F:\ProgrammingAdvices\Course 11 -  OOP as it Should Be (Applications)\Project3_Bank_System\Project3_Bank_System\clsMainScreen.h(15,10): warning C4067: unexpected tokens following preprocessor directive - expected a newline
F:\ProgrammingAdvices\Course 11 -  OOP as it Should Be (Applications)\Project3_Bank_System\Project3_Bank_System\clsMainScreen.h(16,10): warning C4067: unexpected tokens following preprocessor directive - expected a newline
F:\ProgrammingAdvices\Course 11 -  OOP as it Should Be (Applications)\Project3_Bank_System\Project3_Bank_System\clsLoginRegisterScreen.h(4,10): warning C4067: unexpected tokens following preprocessor directive - expected a newline
F:\ProgrammingAdvices\Course 11 -  OOP as it Should Be (Applications)\Project3_Bank_System\Project3_Bank_System\clsLoginRegisterScreen.h(5,10): warning C4067: unexpected tokens following preprocessor directive - expected a newline
F:\ProgrammingAdvices\Course 11 -  OOP as it Should Be (Applications)\Project3_Bank_System\Project3_Bank_System\clsLoginRegisterScreen.h(6,10): warning C4067: unexpected tokens following preprocessor directive - expected a newline
F:\ProgrammingAdvices\Course 11 -  OOP as it Should Be (Applications)\Project3_Bank_System\Project3_Bank_System\clsLoginScreen.h(5,10): warning C4067: unexpected tokens following preprocessor directive - expected a newline
F:\ProgrammingAdvices\Course 11 -  OOP as it Should Be (Applications)\Project3_Bank_System\Project3_Bank_System\clsLoginScreen.h(6,10): warning C4067: unexpected tokens following preprocessor directive - expected a newline
F:\ProgrammingAdvices\Course 11 -  OOP as it Should Be (Applications)\Project3_Bank_System\Project3_Bank_System\clsUser.h(342): warning C4715: 'clsUser::CheckAccessPermission': not all control paths return a value
F:\ProgrammingAdvices\Course 11 -  OOP as it Should Be (Applications)\Project3_Bank_System\Project3_Bank_System\clsBankClient.h(417): warning C4715: 'clsBankClient::Save': not all control paths return a value
F:\ProgrammingAdvices\Course 11 -  OOP as it Should Be (Applications)\Project3_Bank_System\Project3_Bank_System\clsUser.h(331): warning C4715: 'clsUser::Save': not all control paths return a value
  Project3_Bank_System.vcxproj -> F:\ProgrammingAdvices\Course 11 -  OOP as it Should Be (Applications)\Project3_Bank_System\x64\Debug\Project3_Bank_System.exe
